2022-06-20 00:24:47.695  WARN 14344 --- [HikariPool-1 housekeeper] com.zaxxer.hikari.pool.HikariPool        : HikariPool-1 - Thread starvation or clock leap detected (housekeeper delta=13m15s446ms388µs400ns).
2022-06-20 00:55:08.763  INFO 21880 --- [restartedMain] c.b.b.BookStoreAppApplication            : Starting BookStoreAppApplication using Java 17.0.2 on LAPTOP-NATQCI4K with PID 21880 (D:\CFP\SpringBoot\bookstoreapp\target\classes started by root in D:\CFP\SpringBoot\bookstoreapp)
2022-06-20 00:55:08.765 DEBUG 21880 --- [restartedMain] c.b.b.BookStoreAppApplication            : Running with Spring Boot v2.7.0, Spring v5.3.20
2022-06-20 00:55:08.767  INFO 21880 --- [restartedMain] c.b.b.BookStoreAppApplication            : The following 1 profile is active: "dev"
2022-06-20 00:55:24.284  WARN 21880 --- [restartedMain] JpaBaseConfiguration$JpaWebConfiguration : spring.jpa.open-in-view is enabled by default. Therefore, database queries may be performed during view rendering. Explicitly configure spring.jpa.open-in-view to disable this warning
2022-06-20 00:55:25.208  WARN 21880 --- [restartedMain] ion$DefaultTemplateResolverConfiguration : Cannot find template location: classpath:/templates/ (please add some templates or check your Thymeleaf configuration)
2022-06-20 00:55:26.024  INFO 21880 --- [restartedMain] c.b.b.BookStoreAppApplication            : Started BookStoreAppApplication in 19.345 seconds (JVM running for 22.435)
2022-06-20 00:55:26.030  INFO 21880 --- [restartedMain] c.b.b.BookStoreAppApplication            : Book Store Application started in DEV Environment
2022-06-20 00:55:26.032  INFO 21880 --- [restartedMain] c.b.b.BookStoreAppApplication            : Book Store Application DB User is root 
2022-06-20 00:58:17.953  INFO 10668 --- [restartedMain] c.b.b.BookStoreAppApplication            : Starting BookStoreAppApplication using Java 17.0.2 on LAPTOP-NATQCI4K with PID 10668 (D:\CFP\SpringBoot\bookstoreapp\target\classes started by root in D:\CFP\SpringBoot\bookstoreapp)
2022-06-20 00:58:17.955 DEBUG 10668 --- [restartedMain] c.b.b.BookStoreAppApplication            : Running with Spring Boot v2.7.0, Spring v5.3.20
2022-06-20 00:58:17.956  INFO 10668 --- [restartedMain] c.b.b.BookStoreAppApplication            : The following 1 profile is active: "dev"
2022-06-20 00:58:24.045  WARN 10668 --- [restartedMain] JpaBaseConfiguration$JpaWebConfiguration : spring.jpa.open-in-view is enabled by default. Therefore, database queries may be performed during view rendering. Explicitly configure spring.jpa.open-in-view to disable this warning
2022-06-20 00:58:24.640  WARN 10668 --- [restartedMain] ion$DefaultTemplateResolverConfiguration : Cannot find template location: classpath:/templates/ (please add some templates or check your Thymeleaf configuration)
2022-06-20 00:58:25.429  INFO 10668 --- [restartedMain] c.b.b.BookStoreAppApplication            : Started BookStoreAppApplication in 8.041 seconds (JVM running for 9.213)
2022-06-20 00:58:25.435  INFO 10668 --- [restartedMain] c.b.b.BookStoreAppApplication            : Book Store Application started in DEV Environment
2022-06-20 00:58:25.437  INFO 10668 --- [restartedMain] c.b.b.BookStoreAppApplication            : Book Store Application DB User is root 
2022-06-20 00:59:42.608 ERROR 10668 --- [http-nio-8080-exec-1] o.a.c.c.C.[.[.[/].[dispatcherServlet]    : Servlet.service() for servlet [dispatcherServlet] in context with path [] threw exception [Request processing failed; nested exception is java.lang.IllegalStateException: Ambiguous handler methods mapped for '/bookstore': {public org.springframework.http.ResponseEntity com.bridgelabz.bookstoreapp.controller.UserController.getEmployeePayrollData(), public java.lang.String com.bridgelabz.bookstoreapp.controller.UserController.welcomeMessage()}] with root cause

java.lang.IllegalStateException: Ambiguous handler methods mapped for '/bookstore': {public org.springframework.http.ResponseEntity com.bridgelabz.bookstoreapp.controller.UserController.getEmployeePayrollData(), public java.lang.String com.bridgelabz.bookstoreapp.controller.UserController.welcomeMessage()}
	at org.springframework.web.servlet.handler.AbstractHandlerMethodMapping.lookupHandlerMethod(AbstractHandlerMethodMapping.java:432) ~[spring-webmvc-5.3.20.jar:5.3.20]
	at org.springframework.web.servlet.handler.AbstractHandlerMethodMapping.getHandlerInternal(AbstractHandlerMethodMapping.java:383) ~[spring-webmvc-5.3.20.jar:5.3.20]
	at org.springframework.web.servlet.mvc.method.RequestMappingInfoHandlerMapping.getHandlerInternal(RequestMappingInfoHandlerMapping.java:125) ~[spring-webmvc-5.3.20.jar:5.3.20]
	at org.springframework.web.servlet.mvc.method.RequestMappingInfoHandlerMapping.getHandlerInternal(RequestMappingInfoHandlerMapping.java:67) ~[spring-webmvc-5.3.20.jar:5.3.20]
	at org.springframework.web.servlet.handler.AbstractHandlerMapping.getHandler(AbstractHandlerMapping.java:498) ~[spring-webmvc-5.3.20.jar:5.3.20]
	at org.springframework.web.servlet.DispatcherServlet.getHandler(DispatcherServlet.java:1261) ~[spring-webmvc-5.3.20.jar:5.3.20]
	at org.springframework.web.servlet.DispatcherServlet.doDispatch(DispatcherServlet.java:1043) ~[spring-webmvc-5.3.20.jar:5.3.20]
	at org.springframework.web.servlet.DispatcherServlet.doService(DispatcherServlet.java:963) ~[spring-webmvc-5.3.20.jar:5.3.20]
	at org.springframework.web.servlet.FrameworkServlet.processRequest(FrameworkServlet.java:1006) ~[spring-webmvc-5.3.20.jar:5.3.20]
	at org.springframework.web.servlet.FrameworkServlet.doGet(FrameworkServlet.java:898) ~[spring-webmvc-5.3.20.jar:5.3.20]
	at javax.servlet.http.HttpServlet.service(HttpServlet.java:655) ~[tomcat-embed-core-9.0.63.jar:4.0.FR]
	at org.springframework.web.servlet.FrameworkServlet.service(FrameworkServlet.java:883) ~[spring-webmvc-5.3.20.jar:5.3.20]
	at javax.servlet.http.HttpServlet.service(HttpServlet.java:764) ~[tomcat-embed-core-9.0.63.jar:4.0.FR]
	at org.apache.catalina.core.ApplicationFilterChain.internalDoFilter(ApplicationFilterChain.java:227) ~[tomcat-embed-core-9.0.63.jar:9.0.63]
	at org.apache.catalina.core.ApplicationFilterChain.doFilter(ApplicationFilterChain.java:162) ~[tomcat-embed-core-9.0.63.jar:9.0.63]
	at org.apache.tomcat.websocket.server.WsFilter.doFilter(WsFilter.java:53) ~[tomcat-embed-websocket-9.0.63.jar:9.0.63]
	at org.apache.catalina.core.ApplicationFilterChain.internalDoFilter(ApplicationFilterChain.java:189) ~[tomcat-embed-core-9.0.63.jar:9.0.63]
	at org.apache.catalina.core.ApplicationFilterChain.doFilter(ApplicationFilterChain.java:162) ~[tomcat-embed-core-9.0.63.jar:9.0.63]
	at org.springframework.web.filter.RequestContextFilter.doFilterInternal(RequestContextFilter.java:100) ~[spring-web-5.3.20.jar:5.3.20]
	at org.springframework.web.filter.OncePerRequestFilter.doFilter(OncePerRequestFilter.java:117) ~[spring-web-5.3.20.jar:5.3.20]
	at org.apache.catalina.core.ApplicationFilterChain.internalDoFilter(ApplicationFilterChain.java:189) ~[tomcat-embed-core-9.0.63.jar:9.0.63]
	at org.apache.catalina.core.ApplicationFilterChain.doFilter(ApplicationFilterChain.java:162) ~[tomcat-embed-core-9.0.63.jar:9.0.63]
	at org.springframework.web.filter.FormContentFilter.doFilterInternal(FormContentFilter.java:93) ~[spring-web-5.3.20.jar:5.3.20]
	at org.springframework.web.filter.OncePerRequestFilter.doFilter(OncePerRequestFilter.java:117) ~[spring-web-5.3.20.jar:5.3.20]
	at org.apache.catalina.core.ApplicationFilterChain.internalDoFilter(ApplicationFilterChain.java:189) ~[tomcat-embed-core-9.0.63.jar:9.0.63]
	at org.apache.catalina.core.ApplicationFilterChain.doFilter(ApplicationFilterChain.java:162) ~[tomcat-embed-core-9.0.63.jar:9.0.63]
	at org.springframework.web.filter.CharacterEncodingFilter.doFilterInternal(CharacterEncodingFilter.java:201) ~[spring-web-5.3.20.jar:5.3.20]
	at org.springframework.web.filter.OncePerRequestFilter.doFilter(OncePerRequestFilter.java:117) ~[spring-web-5.3.20.jar:5.3.20]
	at org.apache.catalina.core.ApplicationFilterChain.internalDoFilter(ApplicationFilterChain.java:189) ~[tomcat-embed-core-9.0.63.jar:9.0.63]
	at org.apache.catalina.core.ApplicationFilterChain.doFilter(ApplicationFilterChain.java:162) ~[tomcat-embed-core-9.0.63.jar:9.0.63]
	at org.apache.catalina.core.StandardWrapperValve.invoke(StandardWrapperValve.java:197) ~[tomcat-embed-core-9.0.63.jar:9.0.63]
	at org.apache.catalina.core.StandardContextValve.invoke(StandardContextValve.java:97) ~[tomcat-embed-core-9.0.63.jar:9.0.63]
	at org.apache.catalina.authenticator.AuthenticatorBase.invoke(AuthenticatorBase.java:541) ~[tomcat-embed-core-9.0.63.jar:9.0.63]
	at org.apache.catalina.core.StandardHostValve.invoke(StandardHostValve.java:135) ~[tomcat-embed-core-9.0.63.jar:9.0.63]
	at org.apache.catalina.valves.ErrorReportValve.invoke(ErrorReportValve.java:92) ~[tomcat-embed-core-9.0.63.jar:9.0.63]
	at org.apache.catalina.core.StandardEngineValve.invoke(StandardEngineValve.java:78) ~[tomcat-embed-core-9.0.63.jar:9.0.63]
	at org.apache.catalina.connector.CoyoteAdapter.service(CoyoteAdapter.java:360) ~[tomcat-embed-core-9.0.63.jar:9.0.63]
	at org.apache.coyote.http11.Http11Processor.service(Http11Processor.java:399) ~[tomcat-embed-core-9.0.63.jar:9.0.63]
	at org.apache.coyote.AbstractProcessorLight.process(AbstractProcessorLight.java:65) ~[tomcat-embed-core-9.0.63.jar:9.0.63]
	at org.apache.coyote.AbstractProtocol$ConnectionHandler.process(AbstractProtocol.java:890) ~[tomcat-embed-core-9.0.63.jar:9.0.63]
	at org.apache.tomcat.util.net.NioEndpoint$SocketProcessor.doRun(NioEndpoint.java:1743) ~[tomcat-embed-core-9.0.63.jar:9.0.63]
	at org.apache.tomcat.util.net.SocketProcessorBase.run(SocketProcessorBase.java:49) ~[tomcat-embed-core-9.0.63.jar:9.0.63]
	at org.apache.tomcat.util.threads.ThreadPoolExecutor.runWorker(ThreadPoolExecutor.java:1191) ~[tomcat-embed-core-9.0.63.jar:9.0.63]
	at org.apache.tomcat.util.threads.ThreadPoolExecutor$Worker.run(ThreadPoolExecutor.java:659) ~[tomcat-embed-core-9.0.63.jar:9.0.63]
	at org.apache.tomcat.util.threads.TaskThread$WrappingRunnable.run(TaskThread.java:61) ~[tomcat-embed-core-9.0.63.jar:9.0.63]
	at java.base/java.lang.Thread.run(Thread.java:833) ~[na:na]

2022-06-20 01:00:45.097  INFO 21304 --- [restartedMain] c.b.b.BookStoreAppApplication            : Starting BookStoreAppApplication using Java 17.0.2 on LAPTOP-NATQCI4K with PID 21304 (D:\CFP\SpringBoot\bookstoreapp\target\classes started by root in D:\CFP\SpringBoot\bookstoreapp)
2022-06-20 01:00:45.100 DEBUG 21304 --- [restartedMain] c.b.b.BookStoreAppApplication            : Running with Spring Boot v2.7.0, Spring v5.3.20
2022-06-20 01:00:45.101  INFO 21304 --- [restartedMain] c.b.b.BookStoreAppApplication            : The following 1 profile is active: "dev"
2022-06-20 01:00:50.675  WARN 21304 --- [restartedMain] JpaBaseConfiguration$JpaWebConfiguration : spring.jpa.open-in-view is enabled by default. Therefore, database queries may be performed during view rendering. Explicitly configure spring.jpa.open-in-view to disable this warning
2022-06-20 01:00:51.252  WARN 21304 --- [restartedMain] ion$DefaultTemplateResolverConfiguration : Cannot find template location: classpath:/templates/ (please add some templates or check your Thymeleaf configuration)
2022-06-20 01:00:52.166  INFO 21304 --- [restartedMain] c.b.b.BookStoreAppApplication            : Started BookStoreAppApplication in 7.759 seconds (JVM running for 8.953)
2022-06-20 01:00:52.172  INFO 21304 --- [restartedMain] c.b.b.BookStoreAppApplication            : Book Store Application started in DEV Environment
2022-06-20 01:00:52.174  INFO 21304 --- [restartedMain] c.b.b.BookStoreAppApplication            : Book Store Application DB User is root 
2022-06-20 01:01:11.511 ERROR 21304 --- [http-nio-8080-exec-1] o.a.c.c.C.[.[.[/].[dispatcherServlet]    : Servlet.service() for servlet [dispatcherServlet] in context with path [] threw exception [Request processing failed; nested exception is java.lang.IllegalStateException: Ambiguous handler methods mapped for '/bookstore': {public org.springframework.http.ResponseEntity com.bridgelabz.bookstoreapp.controller.UserController.getEmployeePayrollData(), public java.lang.String com.bridgelabz.bookstoreapp.controller.UserController.welcomeMessage()}] with root cause

java.lang.IllegalStateException: Ambiguous handler methods mapped for '/bookstore': {public org.springframework.http.ResponseEntity com.bridgelabz.bookstoreapp.controller.UserController.getEmployeePayrollData(), public java.lang.String com.bridgelabz.bookstoreapp.controller.UserController.welcomeMessage()}
	at org.springframework.web.servlet.handler.AbstractHandlerMethodMapping.lookupHandlerMethod(AbstractHandlerMethodMapping.java:432) ~[spring-webmvc-5.3.20.jar:5.3.20]
	at org.springframework.web.servlet.handler.AbstractHandlerMethodMapping.getHandlerInternal(AbstractHandlerMethodMapping.java:383) ~[spring-webmvc-5.3.20.jar:5.3.20]
	at org.springframework.web.servlet.mvc.method.RequestMappingInfoHandlerMapping.getHandlerInternal(RequestMappingInfoHandlerMapping.java:125) ~[spring-webmvc-5.3.20.jar:5.3.20]
	at org.springframework.web.servlet.mvc.method.RequestMappingInfoHandlerMapping.getHandlerInternal(RequestMappingInfoHandlerMapping.java:67) ~[spring-webmvc-5.3.20.jar:5.3.20]
	at org.springframework.web.servlet.handler.AbstractHandlerMapping.getHandler(AbstractHandlerMapping.java:498) ~[spring-webmvc-5.3.20.jar:5.3.20]
	at org.springframework.web.servlet.DispatcherServlet.getHandler(DispatcherServlet.java:1261) ~[spring-webmvc-5.3.20.jar:5.3.20]
	at org.springframework.web.servlet.DispatcherServlet.doDispatch(DispatcherServlet.java:1043) ~[spring-webmvc-5.3.20.jar:5.3.20]
	at org.springframework.web.servlet.DispatcherServlet.doService(DispatcherServlet.java:963) ~[spring-webmvc-5.3.20.jar:5.3.20]
	at org.springframework.web.servlet.FrameworkServlet.processRequest(FrameworkServlet.java:1006) ~[spring-webmvc-5.3.20.jar:5.3.20]
	at org.springframework.web.servlet.FrameworkServlet.doGet(FrameworkServlet.java:898) ~[spring-webmvc-5.3.20.jar:5.3.20]
	at javax.servlet.http.HttpServlet.service(HttpServlet.java:655) ~[tomcat-embed-core-9.0.63.jar:4.0.FR]
	at org.springframework.web.servlet.FrameworkServlet.service(FrameworkServlet.java:883) ~[spring-webmvc-5.3.20.jar:5.3.20]
	at javax.servlet.http.HttpServlet.service(HttpServlet.java:764) ~[tomcat-embed-core-9.0.63.jar:4.0.FR]
	at org.apache.catalina.core.ApplicationFilterChain.internalDoFilter(ApplicationFilterChain.java:227) ~[tomcat-embed-core-9.0.63.jar:9.0.63]
	at org.apache.catalina.core.ApplicationFilterChain.doFilter(ApplicationFilterChain.java:162) ~[tomcat-embed-core-9.0.63.jar:9.0.63]
	at org.apache.tomcat.websocket.server.WsFilter.doFilter(WsFilter.java:53) ~[tomcat-embed-websocket-9.0.63.jar:9.0.63]
	at org.apache.catalina.core.ApplicationFilterChain.internalDoFilter(ApplicationFilterChain.java:189) ~[tomcat-embed-core-9.0.63.jar:9.0.63]
	at org.apache.catalina.core.ApplicationFilterChain.doFilter(ApplicationFilterChain.java:162) ~[tomcat-embed-core-9.0.63.jar:9.0.63]
	at org.springframework.web.filter.RequestContextFilter.doFilterInternal(RequestContextFilter.java:100) ~[spring-web-5.3.20.jar:5.3.20]
	at org.springframework.web.filter.OncePerRequestFilter.doFilter(OncePerRequestFilter.java:117) ~[spring-web-5.3.20.jar:5.3.20]
	at org.apache.catalina.core.ApplicationFilterChain.internalDoFilter(ApplicationFilterChain.java:189) ~[tomcat-embed-core-9.0.63.jar:9.0.63]
	at org.apache.catalina.core.ApplicationFilterChain.doFilter(ApplicationFilterChain.java:162) ~[tomcat-embed-core-9.0.63.jar:9.0.63]
	at org.springframework.web.filter.FormContentFilter.doFilterInternal(FormContentFilter.java:93) ~[spring-web-5.3.20.jar:5.3.20]
	at org.springframework.web.filter.OncePerRequestFilter.doFilter(OncePerRequestFilter.java:117) ~[spring-web-5.3.20.jar:5.3.20]
	at org.apache.catalina.core.ApplicationFilterChain.internalDoFilter(ApplicationFilterChain.java:189) ~[tomcat-embed-core-9.0.63.jar:9.0.63]
	at org.apache.catalina.core.ApplicationFilterChain.doFilter(ApplicationFilterChain.java:162) ~[tomcat-embed-core-9.0.63.jar:9.0.63]
	at org.springframework.web.filter.CharacterEncodingFilter.doFilterInternal(CharacterEncodingFilter.java:201) ~[spring-web-5.3.20.jar:5.3.20]
	at org.springframework.web.filter.OncePerRequestFilter.doFilter(OncePerRequestFilter.java:117) ~[spring-web-5.3.20.jar:5.3.20]
	at org.apache.catalina.core.ApplicationFilterChain.internalDoFilter(ApplicationFilterChain.java:189) ~[tomcat-embed-core-9.0.63.jar:9.0.63]
	at org.apache.catalina.core.ApplicationFilterChain.doFilter(ApplicationFilterChain.java:162) ~[tomcat-embed-core-9.0.63.jar:9.0.63]
	at org.apache.catalina.core.StandardWrapperValve.invoke(StandardWrapperValve.java:197) ~[tomcat-embed-core-9.0.63.jar:9.0.63]
	at org.apache.catalina.core.StandardContextValve.invoke(StandardContextValve.java:97) ~[tomcat-embed-core-9.0.63.jar:9.0.63]
	at org.apache.catalina.authenticator.AuthenticatorBase.invoke(AuthenticatorBase.java:541) ~[tomcat-embed-core-9.0.63.jar:9.0.63]
	at org.apache.catalina.core.StandardHostValve.invoke(StandardHostValve.java:135) ~[tomcat-embed-core-9.0.63.jar:9.0.63]
	at org.apache.catalina.valves.ErrorReportValve.invoke(ErrorReportValve.java:92) ~[tomcat-embed-core-9.0.63.jar:9.0.63]
	at org.apache.catalina.core.StandardEngineValve.invoke(StandardEngineValve.java:78) ~[tomcat-embed-core-9.0.63.jar:9.0.63]
	at org.apache.catalina.connector.CoyoteAdapter.service(CoyoteAdapter.java:360) ~[tomcat-embed-core-9.0.63.jar:9.0.63]
	at org.apache.coyote.http11.Http11Processor.service(Http11Processor.java:399) ~[tomcat-embed-core-9.0.63.jar:9.0.63]
	at org.apache.coyote.AbstractProcessorLight.process(AbstractProcessorLight.java:65) ~[tomcat-embed-core-9.0.63.jar:9.0.63]
	at org.apache.coyote.AbstractProtocol$ConnectionHandler.process(AbstractProtocol.java:890) ~[tomcat-embed-core-9.0.63.jar:9.0.63]
	at org.apache.tomcat.util.net.NioEndpoint$SocketProcessor.doRun(NioEndpoint.java:1743) ~[tomcat-embed-core-9.0.63.jar:9.0.63]
	at org.apache.tomcat.util.net.SocketProcessorBase.run(SocketProcessorBase.java:49) ~[tomcat-embed-core-9.0.63.jar:9.0.63]
	at org.apache.tomcat.util.threads.ThreadPoolExecutor.runWorker(ThreadPoolExecutor.java:1191) ~[tomcat-embed-core-9.0.63.jar:9.0.63]
	at org.apache.tomcat.util.threads.ThreadPoolExecutor$Worker.run(ThreadPoolExecutor.java:659) ~[tomcat-embed-core-9.0.63.jar:9.0.63]
	at org.apache.tomcat.util.threads.TaskThread$WrappingRunnable.run(TaskThread.java:61) ~[tomcat-embed-core-9.0.63.jar:9.0.63]
	at java.base/java.lang.Thread.run(Thread.java:833) ~[na:na]

2022-06-20 01:01:17.818 ERROR 21304 --- [http-nio-8080-exec-2] o.a.c.c.C.[.[.[/].[dispatcherServlet]    : Servlet.service() for servlet [dispatcherServlet] in context with path [] threw exception [Request processing failed; nested exception is java.lang.IllegalStateException: Ambiguous handler methods mapped for '/bookstore': {public org.springframework.http.ResponseEntity com.bridgelabz.bookstoreapp.controller.UserController.getEmployeePayrollData(), public java.lang.String com.bridgelabz.bookstoreapp.controller.UserController.welcomeMessage()}] with root cause

java.lang.IllegalStateException: Ambiguous handler methods mapped for '/bookstore': {public org.springframework.http.ResponseEntity com.bridgelabz.bookstoreapp.controller.UserController.getEmployeePayrollData(), public java.lang.String com.bridgelabz.bookstoreapp.controller.UserController.welcomeMessage()}
	at org.springframework.web.servlet.handler.AbstractHandlerMethodMapping.lookupHandlerMethod(AbstractHandlerMethodMapping.java:432) ~[spring-webmvc-5.3.20.jar:5.3.20]
	at org.springframework.web.servlet.handler.AbstractHandlerMethodMapping.getHandlerInternal(AbstractHandlerMethodMapping.java:383) ~[spring-webmvc-5.3.20.jar:5.3.20]
	at org.springframework.web.servlet.mvc.method.RequestMappingInfoHandlerMapping.getHandlerInternal(RequestMappingInfoHandlerMapping.java:125) ~[spring-webmvc-5.3.20.jar:5.3.20]
	at org.springframework.web.servlet.mvc.method.RequestMappingInfoHandlerMapping.getHandlerInternal(RequestMappingInfoHandlerMapping.java:67) ~[spring-webmvc-5.3.20.jar:5.3.20]
	at org.springframework.web.servlet.handler.AbstractHandlerMapping.getHandler(AbstractHandlerMapping.java:498) ~[spring-webmvc-5.3.20.jar:5.3.20]
	at org.springframework.web.servlet.DispatcherServlet.getHandler(DispatcherServlet.java:1261) ~[spring-webmvc-5.3.20.jar:5.3.20]
	at org.springframework.web.servlet.DispatcherServlet.doDispatch(DispatcherServlet.java:1043) ~[spring-webmvc-5.3.20.jar:5.3.20]
	at org.springframework.web.servlet.DispatcherServlet.doService(DispatcherServlet.java:963) ~[spring-webmvc-5.3.20.jar:5.3.20]
	at org.springframework.web.servlet.FrameworkServlet.processRequest(FrameworkServlet.java:1006) ~[spring-webmvc-5.3.20.jar:5.3.20]
	at org.springframework.web.servlet.FrameworkServlet.doGet(FrameworkServlet.java:898) ~[spring-webmvc-5.3.20.jar:5.3.20]
	at javax.servlet.http.HttpServlet.service(HttpServlet.java:655) ~[tomcat-embed-core-9.0.63.jar:4.0.FR]
	at org.springframework.web.servlet.FrameworkServlet.service(FrameworkServlet.java:883) ~[spring-webmvc-5.3.20.jar:5.3.20]
	at javax.servlet.http.HttpServlet.service(HttpServlet.java:764) ~[tomcat-embed-core-9.0.63.jar:4.0.FR]
	at org.apache.catalina.core.ApplicationFilterChain.internalDoFilter(ApplicationFilterChain.java:227) ~[tomcat-embed-core-9.0.63.jar:9.0.63]
	at org.apache.catalina.core.ApplicationFilterChain.doFilter(ApplicationFilterChain.java:162) ~[tomcat-embed-core-9.0.63.jar:9.0.63]
	at org.apache.tomcat.websocket.server.WsFilter.doFilter(WsFilter.java:53) ~[tomcat-embed-websocket-9.0.63.jar:9.0.63]
	at org.apache.catalina.core.ApplicationFilterChain.internalDoFilter(ApplicationFilterChain.java:189) ~[tomcat-embed-core-9.0.63.jar:9.0.63]
	at org.apache.catalina.core.ApplicationFilterChain.doFilter(ApplicationFilterChain.java:162) ~[tomcat-embed-core-9.0.63.jar:9.0.63]
	at org.springframework.web.filter.RequestContextFilter.doFilterInternal(RequestContextFilter.java:100) ~[spring-web-5.3.20.jar:5.3.20]
	at org.springframework.web.filter.OncePerRequestFilter.doFilter(OncePerRequestFilter.java:117) ~[spring-web-5.3.20.jar:5.3.20]
	at org.apache.catalina.core.ApplicationFilterChain.internalDoFilter(ApplicationFilterChain.java:189) ~[tomcat-embed-core-9.0.63.jar:9.0.63]
	at org.apache.catalina.core.ApplicationFilterChain.doFilter(ApplicationFilterChain.java:162) ~[tomcat-embed-core-9.0.63.jar:9.0.63]
	at org.springframework.web.filter.FormContentFilter.doFilterInternal(FormContentFilter.java:93) ~[spring-web-5.3.20.jar:5.3.20]
	at org.springframework.web.filter.OncePerRequestFilter.doFilter(OncePerRequestFilter.java:117) ~[spring-web-5.3.20.jar:5.3.20]
	at org.apache.catalina.core.ApplicationFilterChain.internalDoFilter(ApplicationFilterChain.java:189) ~[tomcat-embed-core-9.0.63.jar:9.0.63]
	at org.apache.catalina.core.ApplicationFilterChain.doFilter(ApplicationFilterChain.java:162) ~[tomcat-embed-core-9.0.63.jar:9.0.63]
	at org.springframework.web.filter.CharacterEncodingFilter.doFilterInternal(CharacterEncodingFilter.java:201) ~[spring-web-5.3.20.jar:5.3.20]
	at org.springframework.web.filter.OncePerRequestFilter.doFilter(OncePerRequestFilter.java:117) ~[spring-web-5.3.20.jar:5.3.20]
	at org.apache.catalina.core.ApplicationFilterChain.internalDoFilter(ApplicationFilterChain.java:189) ~[tomcat-embed-core-9.0.63.jar:9.0.63]
	at org.apache.catalina.core.ApplicationFilterChain.doFilter(ApplicationFilterChain.java:162) ~[tomcat-embed-core-9.0.63.jar:9.0.63]
	at org.apache.catalina.core.StandardWrapperValve.invoke(StandardWrapperValve.java:197) ~[tomcat-embed-core-9.0.63.jar:9.0.63]
	at org.apache.catalina.core.StandardContextValve.invoke(StandardContextValve.java:97) ~[tomcat-embed-core-9.0.63.jar:9.0.63]
	at org.apache.catalina.authenticator.AuthenticatorBase.invoke(AuthenticatorBase.java:541) ~[tomcat-embed-core-9.0.63.jar:9.0.63]
	at org.apache.catalina.core.StandardHostValve.invoke(StandardHostValve.java:135) ~[tomcat-embed-core-9.0.63.jar:9.0.63]
	at org.apache.catalina.valves.ErrorReportValve.invoke(ErrorReportValve.java:92) ~[tomcat-embed-core-9.0.63.jar:9.0.63]
	at org.apache.catalina.core.StandardEngineValve.invoke(StandardEngineValve.java:78) ~[tomcat-embed-core-9.0.63.jar:9.0.63]
	at org.apache.catalina.connector.CoyoteAdapter.service(CoyoteAdapter.java:360) ~[tomcat-embed-core-9.0.63.jar:9.0.63]
	at org.apache.coyote.http11.Http11Processor.service(Http11Processor.java:399) ~[tomcat-embed-core-9.0.63.jar:9.0.63]
	at org.apache.coyote.AbstractProcessorLight.process(AbstractProcessorLight.java:65) ~[tomcat-embed-core-9.0.63.jar:9.0.63]
	at org.apache.coyote.AbstractProtocol$ConnectionHandler.process(AbstractProtocol.java:890) ~[tomcat-embed-core-9.0.63.jar:9.0.63]
	at org.apache.tomcat.util.net.NioEndpoint$SocketProcessor.doRun(NioEndpoint.java:1743) ~[tomcat-embed-core-9.0.63.jar:9.0.63]
	at org.apache.tomcat.util.net.SocketProcessorBase.run(SocketProcessorBase.java:49) ~[tomcat-embed-core-9.0.63.jar:9.0.63]
	at org.apache.tomcat.util.threads.ThreadPoolExecutor.runWorker(ThreadPoolExecutor.java:1191) ~[tomcat-embed-core-9.0.63.jar:9.0.63]
	at org.apache.tomcat.util.threads.ThreadPoolExecutor$Worker.run(ThreadPoolExecutor.java:659) ~[tomcat-embed-core-9.0.63.jar:9.0.63]
	at org.apache.tomcat.util.threads.TaskThread$WrappingRunnable.run(TaskThread.java:61) ~[tomcat-embed-core-9.0.63.jar:9.0.63]
	at java.base/java.lang.Thread.run(Thread.java:833) ~[na:na]

2022-06-20 01:04:45.306  INFO 15184 --- [restartedMain] c.b.b.BookStoreAppApplication            : Starting BookStoreAppApplication using Java 17.0.2 on LAPTOP-NATQCI4K with PID 15184 (D:\CFP\SpringBoot\bookstoreapp\target\classes started by root in D:\CFP\SpringBoot\bookstoreapp)
2022-06-20 01:04:45.311 DEBUG 15184 --- [restartedMain] c.b.b.BookStoreAppApplication            : Running with Spring Boot v2.7.0, Spring v5.3.20
2022-06-20 01:04:45.311  INFO 15184 --- [restartedMain] c.b.b.BookStoreAppApplication            : The following 1 profile is active: "dev"
2022-06-20 01:04:52.394  WARN 15184 --- [restartedMain] JpaBaseConfiguration$JpaWebConfiguration : spring.jpa.open-in-view is enabled by default. Therefore, database queries may be performed during view rendering. Explicitly configure spring.jpa.open-in-view to disable this warning
2022-06-20 01:04:53.064  WARN 15184 --- [restartedMain] ion$DefaultTemplateResolverConfiguration : Cannot find template location: classpath:/templates/ (please add some templates or check your Thymeleaf configuration)
2022-06-20 01:04:53.933  INFO 15184 --- [restartedMain] c.b.b.BookStoreAppApplication            : Started BookStoreAppApplication in 9.537 seconds (JVM running for 11.059)
2022-06-20 01:04:53.949  INFO 15184 --- [restartedMain] c.b.b.BookStoreAppApplication            : Book Store Application started in DEV Environment
2022-06-20 01:04:53.949  INFO 15184 --- [restartedMain] c.b.b.BookStoreAppApplication            : Book Store Application DB User is root 
2022-06-20 08:14:14.831  INFO 5496 --- [restartedMain] c.b.b.BookStoreAppApplication            : Starting BookStoreAppApplication using Java 17.0.2 on LAPTOP-NATQCI4K with PID 5496 (D:\CFP\SpringBoot\bookstoreapp\target\classes started by root in D:\CFP\SpringBoot\bookstoreapp)
2022-06-20 08:14:14.864 DEBUG 5496 --- [restartedMain] c.b.b.BookStoreAppApplication            : Running with Spring Boot v2.7.0, Spring v5.3.20
2022-06-20 08:14:14.865  INFO 5496 --- [restartedMain] c.b.b.BookStoreAppApplication            : The following 1 profile is active: "dev"
2022-06-20 08:14:56.971  WARN 5496 --- [restartedMain] JpaBaseConfiguration$JpaWebConfiguration : spring.jpa.open-in-view is enabled by default. Therefore, database queries may be performed during view rendering. Explicitly configure spring.jpa.open-in-view to disable this warning
2022-06-20 08:14:58.284  WARN 5496 --- [restartedMain] ion$DefaultTemplateResolverConfiguration : Cannot find template location: classpath:/templates/ (please add some templates or check your Thymeleaf configuration)
2022-06-20 08:14:59.847  INFO 5496 --- [restartedMain] c.b.b.BookStoreAppApplication            : Started BookStoreAppApplication in 50.552 seconds (JVM running for 67.948)
2022-06-20 08:14:59.860  INFO 5496 --- [restartedMain] c.b.b.BookStoreAppApplication            : Book Store Application started in DEV Environment
2022-06-20 08:14:59.865  INFO 5496 --- [restartedMain] c.b.b.BookStoreAppApplication            : Book Store Application DB User is root 
2022-06-20 09:01:28.414  WARN 5496 --- [http-nio-8080-exec-3] .m.m.a.ExceptionHandlerExceptionResolver : Resolved [org.springframework.web.bind.MethodArgumentNotValidException: Validation failed for argument [0] in public org.springframework.http.ResponseEntity<com.bridgelabz.bookstoreapp.dto.ResponseDTO> com.bridgelabz.bookstoreapp.controller.BookController.addBookDetails(com.bridgelabz.bookstoreapp.dto.BookDTO): [Field error in object 'bookDTO' on field 'authorName': rejected value [ Arora Namit]; codes [Pattern.bookDTO.authorName,Pattern.authorName,Pattern.java.lang.String,Pattern]; arguments [org.springframework.context.support.DefaultMessageSourceResolvable: codes [bookDTO.authorName,authorName]; arguments []; default message [authorName],[Ljavax.validation.constraints.Pattern$Flag;@3ec2dad0,^[A-Z]{1}[a-zA-Z\s]{2,}$]; default message [Author name is Invalid]] ]
2022-06-20 09:20:49.486  WARN 5496 --- [http-nio-8080-exec-5] .m.m.a.ExceptionHandlerExceptionResolver : Resolved [org.springframework.web.bind.MethodArgumentNotValidException: Validation failed for argument [0] in public org.springframework.http.ResponseEntity<com.bridgelabz.bookstoreapp.dto.ResponseDTO> com.bridgelabz.bookstoreapp.controller.BookController.addBookDetails(com.bridgelabz.bookstoreapp.dto.BookDTO): [Field error in object 'bookDTO' on field 'bookName': rejected value [मृत्युंजय]; codes [Pattern.bookDTO.bookName,Pattern.bookName,Pattern.java.lang.String,Pattern]; arguments [org.springframework.context.support.DefaultMessageSourceResolvable: codes [bookDTO.bookName,bookName]; arguments []; default message [bookName],[Ljavax.validation.constraints.Pattern$Flag;@3ec2dad0,^[A-Z]{1}[a-zA-Z\s]{2,}$]; default message [Book name is Invalid]] ]
2022-06-20 09:29:42.485  WARN 5496 --- [http-nio-8080-exec-7] .m.m.a.ExceptionHandlerExceptionResolver : Resolved [org.springframework.web.bind.MethodArgumentNotValidException: Validation failed for argument [0] in public org.springframework.http.ResponseEntity<com.bridgelabz.bookstoreapp.dto.ResponseDTO> com.bridgelabz.bookstoreapp.controller.BookController.addBookDetails(com.bridgelabz.bookstoreapp.dto.BookDTO): [Field error in object 'bookDTO' on field 'authorName': rejected value [Jean-Pierre Harrison]; codes [Pattern.bookDTO.authorName,Pattern.authorName,Pattern.java.lang.String,Pattern]; arguments [org.springframework.context.support.DefaultMessageSourceResolvable: codes [bookDTO.authorName,authorName]; arguments []; default message [authorName],[Ljavax.validation.constraints.Pattern$Flag;@3ec2dad0,^[A-Z]{1}[a-zA-Z\s]{2,}$]; default message [Author name is Invalid]] ]
2022-06-20 11:47:31.029  WARN 5496 --- [HikariPool-1 housekeeper] com.zaxxer.hikari.pool.HikariPool        : HikariPool-1 - Thread starvation or clock leap detected (housekeeper delta=15m4s850ms89µs400ns).
2022-06-20 12:50:27.912  INFO 16256 --- [restartedMain] c.b.b.BookStoreAppApplication            : Starting BookStoreAppApplication using Java 17.0.2 on LAPTOP-NATQCI4K with PID 16256 (D:\CFP\SpringBoot\bookstoreapp\target\classes started by root in D:\CFP\SpringBoot\bookstoreapp)
2022-06-20 12:50:27.918 DEBUG 16256 --- [restartedMain] c.b.b.BookStoreAppApplication            : Running with Spring Boot v2.7.0, Spring v5.3.20
2022-06-20 12:50:27.920  INFO 16256 --- [restartedMain] c.b.b.BookStoreAppApplication            : The following 1 profile is active: "dev"
2022-06-20 12:51:00.099  WARN 16256 --- [restartedMain] JpaBaseConfiguration$JpaWebConfiguration : spring.jpa.open-in-view is enabled by default. Therefore, database queries may be performed during view rendering. Explicitly configure spring.jpa.open-in-view to disable this warning
2022-06-20 12:51:02.722  WARN 16256 --- [restartedMain] ion$DefaultTemplateResolverConfiguration : Cannot find template location: classpath:/templates/ (please add some templates or check your Thymeleaf configuration)
2022-06-20 12:51:04.450  INFO 16256 --- [restartedMain] c.b.b.BookStoreAppApplication            : Started BookStoreAppApplication in 37.939 seconds (JVM running for 46.184)
2022-06-20 12:51:04.467  INFO 16256 --- [restartedMain] c.b.b.BookStoreAppApplication            : Book Store Application started in DEV Environment
2022-06-20 12:51:04.473  INFO 16256 --- [restartedMain] c.b.b.BookStoreAppApplication            : Book Store Application DB User is root 
2022-06-20 12:55:17.329  INFO 17640 --- [restartedMain] c.b.b.BookStoreAppApplication            : Starting BookStoreAppApplication using Java 17.0.2 on LAPTOP-NATQCI4K with PID 17640 (D:\CFP\SpringBoot\bookstoreapp\target\classes started by root in D:\CFP\SpringBoot\bookstoreapp)
2022-06-20 12:55:17.337 DEBUG 17640 --- [restartedMain] c.b.b.BookStoreAppApplication            : Running with Spring Boot v2.7.0, Spring v5.3.20
2022-06-20 12:55:17.340  INFO 17640 --- [restartedMain] c.b.b.BookStoreAppApplication            : The following 1 profile is active: "dev"
2022-06-20 12:55:26.693  WARN 17640 --- [restartedMain] JpaBaseConfiguration$JpaWebConfiguration : spring.jpa.open-in-view is enabled by default. Therefore, database queries may be performed during view rendering. Explicitly configure spring.jpa.open-in-view to disable this warning
2022-06-20 12:55:27.305  WARN 17640 --- [restartedMain] ion$DefaultTemplateResolverConfiguration : Cannot find template location: classpath:/templates/ (please add some templates or check your Thymeleaf configuration)
2022-06-20 12:55:28.342  INFO 17640 --- [restartedMain] c.b.b.BookStoreAppApplication            : Started BookStoreAppApplication in 12.052 seconds (JVM running for 14.102)
2022-06-20 12:55:28.352  INFO 17640 --- [restartedMain] c.b.b.BookStoreAppApplication            : Book Store Application started in DEV Environment
2022-06-20 12:55:28.357  INFO 17640 --- [restartedMain] c.b.b.BookStoreAppApplication            : Book Store Application DB User is root 
2022-06-20 12:57:48.530 ERROR 17640 --- [http-nio-8080-exec-5] o.a.c.c.C.[.[.[/].[dispatcherServlet]    : Servlet.service() for servlet [dispatcherServlet] in context with path [] threw exception [Request processing failed; nested exception is java.lang.IllegalStateException: Ambiguous handler methods mapped for '/bookstore/': {public org.springframework.http.ResponseEntity com.bridgelabz.bookstoreapp.controller.UserController.getEmployeePayrollData(), public java.lang.String com.bridgelabz.bookstoreapp.controller.UserController.welcomeMessage()}] with root cause

java.lang.IllegalStateException: Ambiguous handler methods mapped for '/bookstore/': {public org.springframework.http.ResponseEntity com.bridgelabz.bookstoreapp.controller.UserController.getEmployeePayrollData(), public java.lang.String com.bridgelabz.bookstoreapp.controller.UserController.welcomeMessage()}
	at org.springframework.web.servlet.handler.AbstractHandlerMethodMapping.lookupHandlerMethod(AbstractHandlerMethodMapping.java:432) ~[spring-webmvc-5.3.20.jar:5.3.20]
	at org.springframework.web.servlet.handler.AbstractHandlerMethodMapping.getHandlerInternal(AbstractHandlerMethodMapping.java:383) ~[spring-webmvc-5.3.20.jar:5.3.20]
	at org.springframework.web.servlet.mvc.method.RequestMappingInfoHandlerMapping.getHandlerInternal(RequestMappingInfoHandlerMapping.java:125) ~[spring-webmvc-5.3.20.jar:5.3.20]
	at org.springframework.web.servlet.mvc.method.RequestMappingInfoHandlerMapping.getHandlerInternal(RequestMappingInfoHandlerMapping.java:67) ~[spring-webmvc-5.3.20.jar:5.3.20]
	at org.springframework.web.servlet.handler.AbstractHandlerMapping.getHandler(AbstractHandlerMapping.java:498) ~[spring-webmvc-5.3.20.jar:5.3.20]
	at org.springframework.web.servlet.DispatcherServlet.getHandler(DispatcherServlet.java:1261) ~[spring-webmvc-5.3.20.jar:5.3.20]
	at org.springframework.web.servlet.DispatcherServlet.doDispatch(DispatcherServlet.java:1043) ~[spring-webmvc-5.3.20.jar:5.3.20]
	at org.springframework.web.servlet.DispatcherServlet.doService(DispatcherServlet.java:963) ~[spring-webmvc-5.3.20.jar:5.3.20]
	at org.springframework.web.servlet.FrameworkServlet.processRequest(FrameworkServlet.java:1006) ~[spring-webmvc-5.3.20.jar:5.3.20]
	at org.springframework.web.servlet.FrameworkServlet.doGet(FrameworkServlet.java:898) ~[spring-webmvc-5.3.20.jar:5.3.20]
	at javax.servlet.http.HttpServlet.service(HttpServlet.java:655) ~[tomcat-embed-core-9.0.63.jar:4.0.FR]
	at org.springframework.web.servlet.FrameworkServlet.service(FrameworkServlet.java:883) ~[spring-webmvc-5.3.20.jar:5.3.20]
	at javax.servlet.http.HttpServlet.service(HttpServlet.java:764) ~[tomcat-embed-core-9.0.63.jar:4.0.FR]
	at org.apache.catalina.core.ApplicationFilterChain.internalDoFilter(ApplicationFilterChain.java:227) ~[tomcat-embed-core-9.0.63.jar:9.0.63]
	at org.apache.catalina.core.ApplicationFilterChain.doFilter(ApplicationFilterChain.java:162) ~[tomcat-embed-core-9.0.63.jar:9.0.63]
	at org.apache.tomcat.websocket.server.WsFilter.doFilter(WsFilter.java:53) ~[tomcat-embed-websocket-9.0.63.jar:9.0.63]
	at org.apache.catalina.core.ApplicationFilterChain.internalDoFilter(ApplicationFilterChain.java:189) ~[tomcat-embed-core-9.0.63.jar:9.0.63]
	at org.apache.catalina.core.ApplicationFilterChain.doFilter(ApplicationFilterChain.java:162) ~[tomcat-embed-core-9.0.63.jar:9.0.63]
	at org.springframework.web.filter.RequestContextFilter.doFilterInternal(RequestContextFilter.java:100) ~[spring-web-5.3.20.jar:5.3.20]
	at org.springframework.web.filter.OncePerRequestFilter.doFilter(OncePerRequestFilter.java:117) ~[spring-web-5.3.20.jar:5.3.20]
	at org.apache.catalina.core.ApplicationFilterChain.internalDoFilter(ApplicationFilterChain.java:189) ~[tomcat-embed-core-9.0.63.jar:9.0.63]
	at org.apache.catalina.core.ApplicationFilterChain.doFilter(ApplicationFilterChain.java:162) ~[tomcat-embed-core-9.0.63.jar:9.0.63]
	at org.springframework.web.filter.FormContentFilter.doFilterInternal(FormContentFilter.java:93) ~[spring-web-5.3.20.jar:5.3.20]
	at org.springframework.web.filter.OncePerRequestFilter.doFilter(OncePerRequestFilter.java:117) ~[spring-web-5.3.20.jar:5.3.20]
	at org.apache.catalina.core.ApplicationFilterChain.internalDoFilter(ApplicationFilterChain.java:189) ~[tomcat-embed-core-9.0.63.jar:9.0.63]
	at org.apache.catalina.core.ApplicationFilterChain.doFilter(ApplicationFilterChain.java:162) ~[tomcat-embed-core-9.0.63.jar:9.0.63]
	at org.springframework.web.filter.CharacterEncodingFilter.doFilterInternal(CharacterEncodingFilter.java:201) ~[spring-web-5.3.20.jar:5.3.20]
	at org.springframework.web.filter.OncePerRequestFilter.doFilter(OncePerRequestFilter.java:117) ~[spring-web-5.3.20.jar:5.3.20]
	at org.apache.catalina.core.ApplicationFilterChain.internalDoFilter(ApplicationFilterChain.java:189) ~[tomcat-embed-core-9.0.63.jar:9.0.63]
	at org.apache.catalina.core.ApplicationFilterChain.doFilter(ApplicationFilterChain.java:162) ~[tomcat-embed-core-9.0.63.jar:9.0.63]
	at org.apache.catalina.core.StandardWrapperValve.invoke(StandardWrapperValve.java:197) ~[tomcat-embed-core-9.0.63.jar:9.0.63]
	at org.apache.catalina.core.StandardContextValve.invoke(StandardContextValve.java:97) ~[tomcat-embed-core-9.0.63.jar:9.0.63]
	at org.apache.catalina.authenticator.AuthenticatorBase.invoke(AuthenticatorBase.java:541) ~[tomcat-embed-core-9.0.63.jar:9.0.63]
	at org.apache.catalina.core.StandardHostValve.invoke(StandardHostValve.java:135) ~[tomcat-embed-core-9.0.63.jar:9.0.63]
	at org.apache.catalina.valves.ErrorReportValve.invoke(ErrorReportValve.java:92) ~[tomcat-embed-core-9.0.63.jar:9.0.63]
	at org.apache.catalina.core.StandardEngineValve.invoke(StandardEngineValve.java:78) ~[tomcat-embed-core-9.0.63.jar:9.0.63]
	at org.apache.catalina.connector.CoyoteAdapter.service(CoyoteAdapter.java:360) ~[tomcat-embed-core-9.0.63.jar:9.0.63]
	at org.apache.coyote.http11.Http11Processor.service(Http11Processor.java:399) ~[tomcat-embed-core-9.0.63.jar:9.0.63]
	at org.apache.coyote.AbstractProcessorLight.process(AbstractProcessorLight.java:65) ~[tomcat-embed-core-9.0.63.jar:9.0.63]
	at org.apache.coyote.AbstractProtocol$ConnectionHandler.process(AbstractProtocol.java:890) ~[tomcat-embed-core-9.0.63.jar:9.0.63]
	at org.apache.tomcat.util.net.NioEndpoint$SocketProcessor.doRun(NioEndpoint.java:1743) ~[tomcat-embed-core-9.0.63.jar:9.0.63]
	at org.apache.tomcat.util.net.SocketProcessorBase.run(SocketProcessorBase.java:49) ~[tomcat-embed-core-9.0.63.jar:9.0.63]
	at org.apache.tomcat.util.threads.ThreadPoolExecutor.runWorker(ThreadPoolExecutor.java:1191) ~[tomcat-embed-core-9.0.63.jar:9.0.63]
	at org.apache.tomcat.util.threads.ThreadPoolExecutor$Worker.run(ThreadPoolExecutor.java:659) ~[tomcat-embed-core-9.0.63.jar:9.0.63]
	at org.apache.tomcat.util.threads.TaskThread$WrappingRunnable.run(TaskThread.java:61) ~[tomcat-embed-core-9.0.63.jar:9.0.63]
	at java.base/java.lang.Thread.run(Thread.java:833) ~[na:na]

2022-06-20 13:00:37.835  WARN 17640 --- [http-nio-8080-exec-5] .w.s.m.s.DefaultHandlerExceptionResolver : Resolved [org.springframework.http.converter.HttpMessageNotReadableException: JSON parse error: Cannot deserialize value of type `java.time.LocalDate` from String "1998 01 12": Failed to deserialize java.time.LocalDate: (java.time.format.DateTimeParseException) Text '1998 01 12' could not be parsed at index 4; nested exception is com.fasterxml.jackson.databind.exc.InvalidFormatException: Cannot deserialize value of type `java.time.LocalDate` from String "1998 01 12": Failed to deserialize java.time.LocalDate: (java.time.format.DateTimeParseException) Text '1998 01 12' could not be parsed at index 4<EOL> at [Source: (org.springframework.util.StreamUtils$NonClosingInputStream); line: 2, column: 18] (through reference chain: com.bridgelabz.bookstoreapp.dto.UserDTO["dateOfBirth"])]
2022-06-20 13:01:01.116  WARN 17640 --- [http-nio-8080-exec-3] .w.s.m.s.DefaultHandlerExceptionResolver : Resolved [org.springframework.http.converter.HttpMessageNotReadableException: JSON parse error: Cannot deserialize value of type `java.time.LocalDate` from String "01 12 1998": Failed to deserialize java.time.LocalDate: (java.time.format.DateTimeParseException) Text '01 12 1998' could not be parsed at index 0; nested exception is com.fasterxml.jackson.databind.exc.InvalidFormatException: Cannot deserialize value of type `java.time.LocalDate` from String "01 12 1998": Failed to deserialize java.time.LocalDate: (java.time.format.DateTimeParseException) Text '01 12 1998' could not be parsed at index 0<EOL> at [Source: (org.springframework.util.StreamUtils$NonClosingInputStream); line: 2, column: 18] (through reference chain: com.bridgelabz.bookstoreapp.dto.UserDTO["dateOfBirth"])]
2022-06-20 13:01:06.426  WARN 17640 --- [http-nio-8080-exec-7] .w.s.m.s.DefaultHandlerExceptionResolver : Resolved [org.springframework.http.converter.HttpMessageNotReadableException: JSON parse error: Cannot deserialize value of type `java.time.LocalDate` from String "01 12 1998": Failed to deserialize java.time.LocalDate: (java.time.format.DateTimeParseException) Text '01 12 1998' could not be parsed at index 0; nested exception is com.fasterxml.jackson.databind.exc.InvalidFormatException: Cannot deserialize value of type `java.time.LocalDate` from String "01 12 1998": Failed to deserialize java.time.LocalDate: (java.time.format.DateTimeParseException) Text '01 12 1998' could not be parsed at index 0<EOL> at [Source: (org.springframework.util.StreamUtils$NonClosingInputStream); line: 2, column: 18] (through reference chain: com.bridgelabz.bookstoreapp.dto.UserDTO["dateOfBirth"])]
2022-06-20 14:08:45.114  WARN 17640 --- [HikariPool-1 housekeeper] com.zaxxer.hikari.pool.HikariPool        : HikariPool-1 - Thread starvation or clock leap detected (housekeeper delta=41m51s750ms279µs500ns).
2022-06-20 15:21:14.607  WARN 17640 --- [http-nio-8080-exec-5] .m.m.a.ExceptionHandlerExceptionResolver : Resolved [org.springframework.web.bind.MethodArgumentNotValidException: Validation failed for argument [0] in public org.springframework.http.ResponseEntity<com.bridgelabz.bookstoreapp.dto.ResponseDTO> com.bridgelabz.bookstoreapp.controller.UserController.userRegistration(com.bridgelabz.bookstoreapp.dto.UserDTO): [Field error in object 'userDTO' on field 'password': rejected value [rani123]; codes [Pattern.userDTO.password,Pattern.password,Pattern.java.lang.String,Pattern]; arguments [org.springframework.context.support.DefaultMessageSourceResolvable: codes [userDTO.password,password]; arguments []; default message [password],[Ljavax.validation.constraints.Pattern$Flag;@37414143,^[0-9a-zA-Z!,@#$&*().]{8,}$]; default message [Password is Invalid]] ]
2022-06-20 17:35:16.554  WARN 17640 --- [http-nio-8080-exec-9] com.zaxxer.hikari.pool.PoolEntry         : HikariPool-1 - maxLifeTime expiration task cancellation unexpectedly returned false for connection com.mysql.cj.jdbc.ConnectionImpl@4617f323
2022-06-20 17:37:59.035  INFO 13960 --- [restartedMain] c.b.b.BookStoreAppApplication            : Starting BookStoreAppApplication using Java 17.0.2 on LAPTOP-NATQCI4K with PID 13960 (D:\CFP\SpringBoot\bookstoreapp\target\classes started by root in D:\CFP\SpringBoot\bookstoreapp)
2022-06-20 17:37:59.037 DEBUG 13960 --- [restartedMain] c.b.b.BookStoreAppApplication            : Running with Spring Boot v2.7.0, Spring v5.3.20
2022-06-20 17:37:59.039  INFO 13960 --- [restartedMain] c.b.b.BookStoreAppApplication            : The following 1 profile is active: "dev"
2022-06-20 17:38:20.241  WARN 13960 --- [restartedMain] JpaBaseConfiguration$JpaWebConfiguration : spring.jpa.open-in-view is enabled by default. Therefore, database queries may be performed during view rendering. Explicitly configure spring.jpa.open-in-view to disable this warning
2022-06-20 17:38:21.843  WARN 13960 --- [restartedMain] ion$DefaultTemplateResolverConfiguration : Cannot find template location: classpath:/templates/ (please add some templates or check your Thymeleaf configuration)
2022-06-20 17:38:24.271  INFO 13960 --- [restartedMain] c.b.b.BookStoreAppApplication            : Started BookStoreAppApplication in 27.106 seconds (JVM running for 41.616)
2022-06-20 17:38:24.300  INFO 13960 --- [restartedMain] c.b.b.BookStoreAppApplication            : Book Store Application started in DEV Environment
2022-06-20 17:38:24.302  INFO 13960 --- [restartedMain] c.b.b.BookStoreAppApplication            : Book Store Application DB User is root 
2022-06-20 17:45:46.745  INFO 14776 --- [restartedMain] c.b.b.BookStoreAppApplication            : Starting BookStoreAppApplication using Java 17.0.2 on LAPTOP-NATQCI4K with PID 14776 (D:\CFP\SpringBoot\bookstoreapp\target\classes started by root in D:\CFP\SpringBoot\bookstoreapp)
2022-06-20 17:45:46.746 DEBUG 14776 --- [restartedMain] c.b.b.BookStoreAppApplication            : Running with Spring Boot v2.7.0, Spring v5.3.20
2022-06-20 17:45:46.747  INFO 14776 --- [restartedMain] c.b.b.BookStoreAppApplication            : The following 1 profile is active: "dev"
2022-06-20 17:45:50.395  WARN 14776 --- [restartedMain] JpaBaseConfiguration$JpaWebConfiguration : spring.jpa.open-in-view is enabled by default. Therefore, database queries may be performed during view rendering. Explicitly configure spring.jpa.open-in-view to disable this warning
2022-06-20 17:45:50.681  WARN 14776 --- [restartedMain] ion$DefaultTemplateResolverConfiguration : Cannot find template location: classpath:/templates/ (please add some templates or check your Thymeleaf configuration)
2022-06-20 17:45:51.059  INFO 14776 --- [restartedMain] c.b.b.BookStoreAppApplication            : Started BookStoreAppApplication in 4.659 seconds (JVM running for 5.408)
2022-06-20 17:45:51.063  INFO 14776 --- [restartedMain] c.b.b.BookStoreAppApplication            : Book Store Application started in DEV Environment
2022-06-20 17:45:51.064  INFO 14776 --- [restartedMain] c.b.b.BookStoreAppApplication            : Book Store Application DB User is root 
2022-06-20 18:33:58.350  INFO 1524 --- [restartedMain] c.b.b.BookStoreAppApplication            : Starting BookStoreAppApplication using Java 17.0.2 on LAPTOP-NATQCI4K with PID 1524 (D:\CFP\SpringBoot\bookstoreapp\target\classes started by root in D:\CFP\SpringBoot\bookstoreapp)
2022-06-20 18:33:58.354 DEBUG 1524 --- [restartedMain] c.b.b.BookStoreAppApplication            : Running with Spring Boot v2.7.0, Spring v5.3.20
2022-06-20 18:33:58.355  INFO 1524 --- [restartedMain] c.b.b.BookStoreAppApplication            : The following 1 profile is active: "dev"
2022-06-20 18:34:13.318  WARN 1524 --- [restartedMain] JpaBaseConfiguration$JpaWebConfiguration : spring.jpa.open-in-view is enabled by default. Therefore, database queries may be performed during view rendering. Explicitly configure spring.jpa.open-in-view to disable this warning
2022-06-20 18:34:13.941  WARN 1524 --- [restartedMain] ion$DefaultTemplateResolverConfiguration : Cannot find template location: classpath:/templates/ (please add some templates or check your Thymeleaf configuration)
2022-06-20 18:34:14.749  INFO 1524 --- [restartedMain] c.b.b.BookStoreAppApplication            : Started BookStoreAppApplication in 17.419 seconds (JVM running for 27.322)
2022-06-20 18:34:14.756  INFO 1524 --- [restartedMain] c.b.b.BookStoreAppApplication            : Book Store Application started in DEV Environment
2022-06-20 18:34:14.757  INFO 1524 --- [restartedMain] c.b.b.BookStoreAppApplication            : Book Store Application DB User is root 
2022-06-20 19:34:43.280  WARN 1524 --- [HikariPool-1 housekeeper] com.zaxxer.hikari.pool.HikariPool        : HikariPool-1 - Thread starvation or clock leap detected (housekeeper delta=41m34s723ms368µs600ns).
2022-06-20 20:02:38.079  WARN 1524 --- [HikariPool-1 housekeeper] com.zaxxer.hikari.pool.HikariPool        : HikariPool-1 - Thread starvation or clock leap detected (housekeeper delta=11m18s262ms169µs400ns).
2022-06-20 21:16:38.002  WARN 1524 --- [HikariPool-1 housekeeper] com.zaxxer.hikari.pool.HikariPool        : HikariPool-1 - Thread starvation or clock leap detected (housekeeper delta=35m29s338ms428µs800ns).
2022-06-20 22:38:28.049  INFO 16752 --- [restartedMain] c.b.b.BookStoreAppApplication            : Starting BookStoreAppApplication using Java 17.0.2 on LAPTOP-NATQCI4K with PID 16752 (D:\CFP\SpringBoot\bookstoreapp\target\classes started by root in D:\CFP\SpringBoot\bookstoreapp)
2022-06-20 22:38:28.055 DEBUG 16752 --- [restartedMain] c.b.b.BookStoreAppApplication            : Running with Spring Boot v2.7.0, Spring v5.3.20
2022-06-20 22:38:28.057  INFO 16752 --- [restartedMain] c.b.b.BookStoreAppApplication            : The following 1 profile is active: "dev"
2022-06-20 22:38:49.691  WARN 16752 --- [restartedMain] JpaBaseConfiguration$JpaWebConfiguration : spring.jpa.open-in-view is enabled by default. Therefore, database queries may be performed during view rendering. Explicitly configure spring.jpa.open-in-view to disable this warning
2022-06-20 22:38:50.934  WARN 16752 --- [restartedMain] ion$DefaultTemplateResolverConfiguration : Cannot find template location: classpath:/templates/ (please add some templates or check your Thymeleaf configuration)
2022-06-20 22:38:52.565  INFO 16752 --- [restartedMain] c.b.b.BookStoreAppApplication            : Started BookStoreAppApplication in 26.326 seconds (JVM running for 33.405)
2022-06-20 22:38:52.581  INFO 16752 --- [restartedMain] c.b.b.BookStoreAppApplication            : Book Store Application started in DEV Environment
2022-06-20 22:38:52.585  INFO 16752 --- [restartedMain] c.b.b.BookStoreAppApplication            : Book Store Application DB User is root 
2022-06-20 22:55:29.884  INFO 12996 --- [restartedMain] c.b.b.BookStoreAppApplication            : Starting BookStoreAppApplication using Java 17.0.2 on LAPTOP-NATQCI4K with PID 12996 (D:\CFP\SpringBoot\bookstoreapp\target\classes started by root in D:\CFP\SpringBoot\bookstoreapp)
2022-06-20 22:55:29.885 DEBUG 12996 --- [restartedMain] c.b.b.BookStoreAppApplication            : Running with Spring Boot v2.7.0, Spring v5.3.20
2022-06-20 22:55:29.886  INFO 12996 --- [restartedMain] c.b.b.BookStoreAppApplication            : The following 1 profile is active: "dev"
2022-06-20 22:55:38.758  WARN 12996 --- [restartedMain] JpaBaseConfiguration$JpaWebConfiguration : spring.jpa.open-in-view is enabled by default. Therefore, database queries may be performed during view rendering. Explicitly configure spring.jpa.open-in-view to disable this warning
2022-06-20 22:55:39.359  WARN 12996 --- [restartedMain] ion$DefaultTemplateResolverConfiguration : Cannot find template location: classpath:/templates/ (please add some templates or check your Thymeleaf configuration)
2022-06-20 22:55:39.940  INFO 12996 --- [restartedMain] c.b.b.BookStoreAppApplication            : Started BookStoreAppApplication in 10.599 seconds (JVM running for 11.818)
2022-06-20 22:55:39.947  INFO 12996 --- [restartedMain] c.b.b.BookStoreAppApplication            : Book Store Application started in DEV Environment
2022-06-20 22:55:39.949  INFO 12996 --- [restartedMain] c.b.b.BookStoreAppApplication            : Book Store Application DB User is root 
2022-06-20 23:27:26.647  INFO 15272 --- [restartedMain] c.b.b.BookStoreAppApplication            : Starting BookStoreAppApplication using Java 17.0.2 on LAPTOP-NATQCI4K with PID 15272 (D:\CFP\SpringBoot\bookstoreapp\target\classes started by root in D:\CFP\SpringBoot\bookstoreapp)
2022-06-20 23:27:26.649 DEBUG 15272 --- [restartedMain] c.b.b.BookStoreAppApplication            : Running with Spring Boot v2.7.0, Spring v5.3.20
2022-06-20 23:27:26.649  INFO 15272 --- [restartedMain] c.b.b.BookStoreAppApplication            : The following 1 profile is active: "dev"
2022-06-20 23:27:34.846  WARN 15272 --- [restartedMain] JpaBaseConfiguration$JpaWebConfiguration : spring.jpa.open-in-view is enabled by default. Therefore, database queries may be performed during view rendering. Explicitly configure spring.jpa.open-in-view to disable this warning
2022-06-20 23:27:35.247  WARN 15272 --- [restartedMain] ion$DefaultTemplateResolverConfiguration : Cannot find template location: classpath:/templates/ (please add some templates or check your Thymeleaf configuration)
2022-06-20 23:27:35.800  INFO 15272 --- [restartedMain] c.b.b.BookStoreAppApplication            : Started BookStoreAppApplication in 9.87 seconds (JVM running for 12.252)
2022-06-20 23:27:35.804  INFO 15272 --- [restartedMain] c.b.b.BookStoreAppApplication            : Book Store Application started in DEV Environment
2022-06-20 23:27:35.805  INFO 15272 --- [restartedMain] c.b.b.BookStoreAppApplication            : Book Store Application DB User is root 
